2015-07-18 14:19:00.5878 Info Adding target File Target[file]
2015-07-18 14:19:00.5878 Info Adding target Database Target[database]
2015-07-18 14:19:00.5878 Info Configured from an XML element in D:\Projects\GitHub\CQRS\CreateDatabases\bin\Debug\Utilities.CreateDatabases.vshost.exe.Config...
2015-07-18 14:19:00.5878 Info Found 58 configuration items
2015-07-18 14:19:42.5672 Info Shutting down logging...
2015-07-18 14:19:42.5682 Info Closing old configuration.
2015-07-18 14:19:42.5682 Info Logger has been shut down.
2015-07-18 14:20:15.0171 Info Adding target File Target[file]
2015-07-18 14:20:15.0171 Info Adding target Database Target[database]
2015-07-18 14:20:15.0171 Info Configured from an XML element in D:\Projects\GitHub\CQRS\CreateDatabases\bin\Debug\Utilities.CreateDatabases.vshost.exe.Config...
2015-07-18 14:20:15.0171 Info Found 58 configuration items
2015-07-18 14:21:29.5463 Info Adding target File Target[file]
2015-07-18 14:21:29.5463 Info Adding target Database Target[database]
2015-07-18 14:21:29.5553 Info Configured from an XML element in D:\Projects\GitHub\CQRS\CreateDatabases\bin\Debug\Utilities.CreateDatabases.vshost.exe.Config...
2015-07-18 14:21:29.5553 Info Found 58 configuration items
2015-07-18 14:32:26.3409 Info Adding target File Target[file]
2015-07-18 14:32:26.3409 Info Adding target Database Target[database]
2015-07-18 14:32:26.3499 Info Configured from an XML element in D:\Projects\GitHub\CQRS\CreateDatabases\bin\Debug\Utilities.CreateDatabases.vshost.exe.Config...
2015-07-18 14:32:26.3499 Info Found 58 configuration items
2015-07-18 14:33:23.5802 Info Adding target File Target[file]
2015-07-18 14:33:23.5852 Info Adding target Database Target[database]
2015-07-18 14:33:23.5852 Info Configured from an XML element in D:\Projects\GitHub\CQRS\CreateDatabases\bin\Debug\Utilities.CreateDatabases.vshost.exe.Config...
2015-07-18 14:33:23.5852 Info Found 58 configuration items
2015-07-18 14:33:27.2844 Info Shutting down logging...
2015-07-18 14:33:27.2844 Info Closing old configuration.
2015-07-18 14:33:27.2844 Info Logger has been shut down.
