2015-07-18 14:27:54.0933 Info Adding target File Target[file]
2015-07-18 14:27:54.0973 Info Adding target Database Target[database]
2015-07-18 14:27:54.0973 Info Configured from an XML element in D:\Projects\GitHub\CQRS\WriteToReadEtl\bin\Debug\WriteToReadEtl.vshost.exe.Config...
2015-07-18 14:27:54.0973 Info Found 58 configuration items
2015-07-18 14:31:19.8281 Info Adding target File Target[file]
2015-07-18 14:31:19.8351 Info Adding target Database Target[database]
2015-07-18 14:31:19.8351 Info Configured from an XML element in D:\Projects\GitHub\CQRS\WriteToReadEtl\bin\Debug\WriteToReadEtl.vshost.exe.Config...
2015-07-18 14:31:19.8351 Info Found 58 configuration items
2015-07-18 14:31:27.5805 Info Shutting down logging...
2015-07-18 14:31:27.5805 Info Closing old configuration.
2015-07-18 14:31:27.5895 Info Logger has been shut down.
2015-07-20 17:32:03.5054 Info Adding target File Target[file]
2015-07-20 17:32:03.5210 Info Adding target Database Target[database]
2015-07-20 17:32:03.5210 Info Configured from an XML element in C:\Projects\GitHub\CQRS\WriteToReadEtl\bin\Debug\WriteToReadEtl.vshost.exe.Config...
2015-07-20 17:32:03.5366 Info Found 58 configuration items
2015-07-20 17:32:05.6930 Error Error when writing to database System.Data.SqlClient.SqlException (0x80131904): Login failed for user 'nlog'.
   at System.Data.SqlClient.SqlInternalConnection.OnError(SqlException exception, Boolean breakConnection, Action`1 wrapCloseInAction)
   at System.Data.SqlClient.TdsParser.ThrowExceptionAndWarning(TdsParserStateObject stateObj, Boolean callerHasConnectionLock, Boolean asyncClose)
   at System.Data.SqlClient.TdsParser.TryRun(RunBehavior runBehavior, SqlCommand cmdHandler, SqlDataReader dataStream, BulkCopySimpleResultSet bulkCopyHandler, TdsParserStateObject stateObj, Boolean& dataReady)
   at System.Data.SqlClient.TdsParser.Run(RunBehavior runBehavior, SqlCommand cmdHandler, SqlDataReader dataStream, BulkCopySimpleResultSet bulkCopyHandler, TdsParserStateObject stateObj)
   at System.Data.SqlClient.SqlInternalConnectionTds.CompleteLogin(Boolean enlistOK)
   at System.Data.SqlClient.SqlInternalConnectionTds.AttemptOneLogin(ServerInfo serverInfo, String newPassword, SecureString newSecurePassword, Boolean ignoreSniOpenTimeout, TimeoutTimer timeout, Boolean withFailover)
   at System.Data.SqlClient.SqlInternalConnectionTds.LoginNoFailover(ServerInfo serverInfo, String newPassword, SecureString newSecurePassword, Boolean redirectedUserInstance, SqlConnectionString connectionOptions, SqlCredential credential, TimeoutTimer timeout)
   at System.Data.SqlClient.SqlInternalConnectionTds.OpenLoginEnlist(TimeoutTimer timeout, SqlConnectionString connectionOptions, SqlCredential credential, String newPassword, SecureString newSecurePassword, Boolean redirectedUserInstance)
   at System.Data.SqlClient.SqlInternalConnectionTds..ctor(DbConnectionPoolIdentity identity, SqlConnectionString connectionOptions, SqlCredential credential, Object providerInfo, String newPassword, SecureString newSecurePassword, Boolean redirectedUserInstance, SqlConnectionString userConnectionOptions, SessionData reconnectSessionData)
   at System.Data.SqlClient.SqlConnectionFactory.CreateConnection(DbConnectionOptions options, DbConnectionPoolKey poolKey, Object poolGroupProviderInfo, DbConnectionPool pool, DbConnection owningConnection, DbConnectionOptions userOptions)
   at System.Data.ProviderBase.DbConnectionFactory.CreatePooledConnection(DbConnectionPool pool, DbConnection owningObject, DbConnectionOptions options, DbConnectionPoolKey poolKey, DbConnectionOptions userOptions)
   at System.Data.ProviderBase.DbConnectionPool.CreateObject(DbConnection owningObject, DbConnectionOptions userOptions, DbConnectionInternal oldConnection)
   at System.Data.ProviderBase.DbConnectionPool.UserCreateRequest(DbConnection owningObject, DbConnectionOptions userOptions, DbConnectionInternal oldConnection)
   at System.Data.ProviderBase.DbConnectionPool.TryGetConnection(DbConnection owningObject, UInt32 waitForMultipleObjectsTimeout, Boolean allowCreate, Boolean onlyOneCheckConnection, DbConnectionOptions userOptions, DbConnectionInternal& connection)
   at System.Data.ProviderBase.DbConnectionPool.TryGetConnection(DbConnection owningObject, TaskCompletionSource`1 retry, DbConnectionOptions userOptions, DbConnectionInternal& connection)
   at System.Data.ProviderBase.DbConnectionFactory.TryGetConnection(DbConnection owningConnection, TaskCompletionSource`1 retry, DbConnectionOptions userOptions, DbConnectionInternal oldConnection, DbConnectionInternal& connection)
   at System.Data.ProviderBase.DbConnectionInternal.TryOpenConnectionInternal(DbConnection outerConnection, DbConnectionFactory connectionFactory, TaskCompletionSource`1 retry, DbConnectionOptions userOptions)
   at System.Data.ProviderBase.DbConnectionClosed.TryOpenConnection(DbConnection outerConnection, DbConnectionFactory connectionFactory, TaskCompletionSource`1 retry, DbConnectionOptions userOptions)
   at System.Data.SqlClient.SqlConnection.TryOpenInner(TaskCompletionSource`1 retry)
   at System.Data.SqlClient.SqlConnection.TryOpen(TaskCompletionSource`1 retry)
   at System.Data.SqlClient.SqlConnection.Open()
   at NLog.Targets.DatabaseTarget.OpenConnection(String connectionString)
   at NLog.Targets.DatabaseTarget.EnsureConnectionOpen(String connectionString)
   at NLog.Targets.DatabaseTarget.WriteEventToDatabase(LogEventInfo logEvent)
   at NLog.Targets.DatabaseTarget.Write(LogEventInfo logEvent)
ClientConnectionId:8bc63cf8-1936-48f1-94e1-54d5ad1a5a00
Error Number:18456,State:1,Class:14
2015-07-20 17:32:09.9119 Info Shutting down logging...
2015-07-20 17:32:09.9119 Info Closing old configuration.
2015-07-20 17:32:09.9276 Info Logger has been shut down.
